Arguments: 
  C:\Program Files\nodejs\node.exe C:\Program Files\nodejs\node_modules\yarn\bin\yarn.js install

PATH: 
  C:\ProgramData\Oracle\Java\javapath;C:\Ruby22-x64\bin;C:\Program Files (x86)\Common Files\NetSarang;C:\Program Files (x86)\NVIDIA Corporation\PhysX\Common;C:\Windows\system32;C:\Windows;C:\Windows\System32\Wbem;C:\Windows\System32\WindowsPowerShell\v1.0\;C:\Program Files (x86)\Intel\OpenCL SDK\3.0\bin\x86;C:\Program Files (x86)\Intel\OpenCL SDK\3.0\bin\x64;C:\Program Files\Microsoft\Web Platform Installer\;C:\Program Files (x86)\Microsoft ASP.NET\ASP.NET Web Pages\v1.0\;C:\Program Files\TortoiseSVN\bin;C:\Program Files (x86)\Windows Kits\8.1\Windows Performance Toolkit\;C:\Program Files (x86)\Microsoft SDKs\TypeScript\1.0\;C:\Program Files\TortoiseGit\bin;D:\phantomjs\bin;C:\Program Files (x86)\GtkSharp\2.12\bin;C:\Program Files\nodejs\;C:\Program Files\Git\cmd;e:\Program Files\Microsoft VS Code\bin;d:\Program Files (x86)\Microsoft VS Code\bin;C:\Users\dntzhang\AppData\Roaming\npm;e:\Program Files\Microsoft VS Code\bin

Yarn version: 
  0.20.3

Node version: 
  8.0.0

Platform: 
  win32 x64

npm manifest: 
  {
    "name": "cax",
    "version": "1.2.4",
    "description": "小程序、小游戏和 Web 通用 Canvas 渲染引擎",
    "main": "dist/cax.js",
    "scripts": {
      "lint": "eslint src",
      "fix": "eslint src --fix",
      "fixwegame": "eslint ../cax-wegame --fix",
      "fixweapp": "eslint ../cax-weapp --fix",
      "lint:example": "eslint example --fix",
      "to-animate": "webpack -w",
      "pie": "webpack -w",
      "clip": "webpack -w",
      "graphics": "webpack -w",
      "sprite": "webpack -w",
      "group-clip": "webpack -w",
      "clip-transform": "webpack -w",
      "filter": "webpack -w",
      "getting-start": "webpack -w",
      "vision": "webpack -w",
      "to-shape": "webpack -w",
      "clip-transition": "webpack -w",
      "composite-operation": "webpack -w",
      "cache": "webpack -w",
      "caching": "webpack -w",
      "to": "webpack -w",
      "simple": "webpack -w",
      "build": "webpack",
      "build-min": "webpack",
      "test": "karma start test/karma.conf.js"
    },
    "devDependencies": {
      "eslint": "^4.3.0",
      "eslint-config-standard": "^10.2.1",
      "eslint-plugin-import": "^2.7.0",
      "eslint-plugin-node": "^5.1.1",
      "eslint-plugin-promise": "^3.5.0",
      "eslint-plugin-standard": "^3.0.1",
      "babel-core": "^6.26.0",
      "babel-loader": "^7.1.4",
      "babel-plugin-transform-class-properties": "^6.24.1",
      "babel-plugin-transform-react-jsx": "^6.24.1",
      "babel-preset-env": "^1.6.1",
      "chai": "^4.1.2",
      "jasmine-core": "^2.5.2",
      "karma": "^1.3.0",
      "karma-babel-preprocessor": "^7.0.0",
      "karma-chai-sinon": "^0.1.5",
      "karma-chrome-launcher": "^2.0.0",
      "karma-coverage": "^1.0.0",
      "karma-jasmine": "^1.1.0",
      "karma-mocha": "^1.1.1",
      "karma-mocha-reporter": "^2.0.4",
      "karma-sauce-launcher": "^1.1.0",
      "karma-sinon": "^1.0.5",
      "karma-source-map-support": "^1.2.0",
      "karma-sourcemap-loader": "^0.3.6",
      "karma-webpack": "^2.0.4",
      "mocha": "^5.0.4",
      "node-libs-browser": "^0.5.3",
      "sinon": "^4.5.0",
      "sinon-chai": "^3.0.0",
      "webpack": "^3.4.1"
    },
    "repository": {
      "type": "git",
      "url": "git+https://github.com/dntzhang/cax.git"
    },
    "keywords": [
      "canvas",
      "web",
      "weapp"
    ],
    "devEngines": {
      "node": "6.x || 7.x || 8.x",
      "npm": "3.x || 4.x || 5.x"
    },
    "author": "dntzhang",
    "license": "MIT",
    "bugs": {
      "url": "https://github.com/dntzhang/cax/issues/new"
    },
    "homepage": "http://dntzhang.github.io/cax"
  }

yarn manifest: 
  No manifest

Lockfile: 
  No lockfile

Trace: 
  Error: getaddrinfo ENOTFOUND dev-proxy.oa.com dev-proxy.oa.com:8080
      at errnoException (dns.js:50:10)
      at GetAddrInfoReqWrap.onlookup [as oncomplete] (dns.js:95:26)
